# JRE version: OpenJDK Runtime Environment (8.0_275-b01) (build 1.8.0_275-b01)
# Java VM: OpenJDK 64-Bit Server VM (25.275-b01 mixed mode windows-amd64 compressed oops)
Heap:
 PSYoungGen      total 76288K, used 39760K [0x000000076b180000, 0x0000000770680000, 0x00000007c0000000)
  eden space 65536K, 54% used [0x000000076b180000,0x000000076d4609d0,0x000000076f180000)
  from space 10752K, 37% used [0x000000076fc00000,0x000000076fff3678,0x0000000770680000)
  to   space 10752K, 0% used [0x000000076f180000,0x000000076f180000,0x000000076fc00000)
 ParOldGen       total 175104K, used 40K [0x00000006c1400000, 0x00000006cbf00000, 0x000000076b180000)
  object space 175104K, 0% used [0x00000006c1400000,0x00000006c140a000,0x00000006cbf00000)
 Metaspace       used 11722K, capacity 11888K, committed 12032K, reserved 1060864K
  class space    used 1338K, capacity 1421K, committed 1536K, reserved 1048576K
GC Heap History (8 events):
Event: 4.830 GC heap before
{Heap before GC invocations=1 (full 0):
 PSYoungGen      total 76288K, used 65536K [0x000000076b180000, 0x0000000770680000, 0x00000007c0000000)
  eden space 65536K, 100% used [0x000000076b180000,0x000000076f180000,0x000000076f180000)
  from space 10752K, 0% used [0x000000076fc00000,0x000000076fc00000,0x0000000770680000)
  to   space 10752K, 0% used [0x000000076f180000,0x000000076f180000,0x000000076fc00000)
 ParOldGen       total 175104K, used 0K [0x00000006c1400000, 0x00000006cbf00000, 0x000000076b180000)
  object space 175104K, 0% used [0x00000006c1400000,0x00000006c1400000,0x00000006cbf00000)
 Metaspace       used 11045K, capacity 11204K, committed 11392K, reserved 1058816K
  class space    used 1307K, capacity 1389K, committed 1408K, reserved 1048576K
Event: 4.833 GC heap after
Heap after GC invocations=1 (full 0):
 PSYoungGen      total 76288K, used 7799K [0x000000076b180000, 0x0000000770680000, 0x00000007c0000000)
  eden space 65536K, 0% used [0x000000076b180000,0x000000076b180000,0x000000076f180000)
  from space 10752K, 72% used [0x000000076f180000,0x000000076f91ddc8,0x000000076fc00000)
  to   space 10752K, 0% used [0x000000076fc00000,0x000000076fc00000,0x0000000770680000)
 ParOldGen       total 175104K, used 16K [0x00000006c1400000, 0x00000006cbf00000, 0x000000076b180000)
  object space 175104K, 0% used [0x00000006c1400000,0x00000006c1404000,0x00000006cbf00000)
 Metaspace       used 11045K, capacity 11204K, committed 11392K, reserved 1058816K
  class space    used 1307K, capacity 1389K, committed 1408K, reserved 1048576K
}
Event: 8.045 GC heap before
{Heap before GC invocations=2 (full 0):
 PSYoungGen      total 76288K, used 73335K [0x000000076b180000, 0x0000000770680000, 0x00000007c0000000)
  eden space 65536K, 100% used [0x000000076b180000,0x000000076f180000,0x000000076f180000)
  from space 10752K, 72% used [0x000000076f180000,0x000000076f91ddc8,0x000000076fc00000)
  to   space 10752K, 0% used [0x000000076fc00000,0x000000076fc00000,0x0000000770680000)
 ParOldGen       total 175104K, used 16K [0x00000006c1400000, 0x00000006cbf00000, 0x000000076b180000)
  object space 175104K, 0% used [0x00000006c1400000,0x00000006c1404000,0x00000006cbf00000)
 Metaspace       used 11360K, capacity 11556K, committed 11776K, reserved 1058816K
  class space    used 1332K, capacity 1421K, committed 1536K, reserved 1048576K
Event: 8.049 GC heap after
Heap after GC invocations=2 (full 0):
 PSYoungGen      total 76288K, used 7677K [0x000000076b180000, 0x0000000770680000, 0x00000007c0000000)
  eden space 65536K, 0% used [0x000000076b180000,0x000000076b180000,0x000000076f180000)
  from space 10752K, 71% used [0x000000076fc00000,0x000000077037f4f0,0x0000000770680000)
  to   space 10752K, 0% used [0x000000076f180000,0x000000076f180000,0x000000076fc00000)
 ParOldGen       total 175104K, used 24K [0x00000006c1400000, 0x00000006cbf00000, 0x000000076b180000)
  object space 175104K, 0% used [0x00000006c1400000,0x00000006c1406000,0x00000006cbf00000)
 Metaspace       used 11360K, capacity 11556K, committed 11776K, reserved 1058816K
  class space    used 1332K, capacity 1421K, committed 1536K, reserved 1048576K
}
Event: 11.362 GC heap before
{Heap before GC invocations=3 (full 0):
 PSYoungGen      total 76288K, used 73213K [0x000000076b180000, 0x0000000770680000, 0x00000007c0000000)
  eden space 65536K, 100% used [0x000000076b180000,0x000000076f180000,0x000000076f180000)
  from space 10752K, 71% used [0x000000076fc00000,0x000000077037f4f0,0x0000000770680000)
  to   space 10752K, 0% used [0x000000076f180000,0x000000076f180000,0x000000076fc00000)
 ParOldGen       total 175104K, used 24K [0x00000006c1400000, 0x00000006cbf00000, 0x000000076b180000)
  object space 175104K, 0% used [0x00000006c1400000,0x00000006c1406000,0x00000006cbf00000)
 Metaspace       used 11572K, capacity 11760K, committed 12032K, reserved 1060864K
  class space    used 1336K, capacity 1421K, committed 1536K, reserved 1048576K
Event: 11.365 GC heap after
Heap after GC invocations=3 (full 0):
 PSYoungGen      total 76288K, used 5892K [0x000000076b180000, 0x0000000770680000, 0x00000007c0000000)
  eden space 65536K, 0% used [0x000000076b180000,0x000000076b180000,0x000000076f180000)
  from space 10752K, 54% used [0x000000076f180000,0x000000076f741180,0x000000076fc00000)
  to   space 10752K, 0% used [0x000000076fc00000,0x000000076fc00000,0x0000000770680000)
 ParOldGen       total 175104K, used 32K [0x00000006c1400000, 0x00000006cbf00000, 0x000000076b180000)
  object space 175104K, 0% used [0x00000006c1400000,0x00000006c1408000,0x00000006cbf00000)
 Metaspace       used 11572K, capacity 11760K, committed 12032K, reserved 1060864K
  class space    used 1336K, capacity 1421K, committed 1536K, reserved 1048576K
}
Event: 14.757 GC heap before
{Heap before GC invocations=4 (full 0):
 PSYoungGen      total 76288K, used 71428K [0x000000076b180000, 0x0000000770680000, 0x00000007c0000000)
  eden space 65536K, 100% used [0x000000076b180000,0x000000076f180000,0x000000076f180000)
  from space 10752K, 54% used [0x000000076f180000,0x000000076f741180,0x000000076fc00000)
  to   space 10752K, 0% used [0x000000076fc00000,0x000000076fc00000,0x0000000770680000)
 ParOldGen       total 175104K, used 32K [0x00000006c1400000, 0x00000006cbf00000, 0x000000076b180000)
  object space 175104K, 0% used [0x00000006c1400000,0x00000006c1408000,0x00000006cbf00000)
 Metaspace       used 11663K, capacity 11824K, committed 12032K, reserved 1060864K
  class space    used 1336K, capacity 1421K, committed 1536K, reserved 1048576K
Event: 14.759 GC heap after
Heap after GC invocations=4 (full 0):
 PSYoungGen      total 76288K, used 4045K [0x000000076b180000, 0x0000000770680000, 0x00000007c0000000)
  eden space 65536K, 0% used [0x000000076b180000,0x000000076b180000,0x000000076f180000)
  from space 10752K, 37% used [0x000000076fc00000,0x000000076fff3678,0x0000000770680000)
  to   space 10752K, 0% used [0x000000076f180000,0x000000076f180000,0x000000076fc00000)
 ParOldGen       total 175104K, used 40K [0x00000006c1400000, 0x00000006cbf00000, 0x000000076b180000)
  object space 175104K, 0% used [0x00000006c1400000,0x00000006c140a000,0x00000006cbf00000)
 Metaspace       used 11663K, capacity 11824K, committed 12032K, reserved 1060864K
  class space    used 1336K, capacity 1421K, committed 1536K, reserved 1048576K
}

