# JRE version: OpenJDK Runtime Environment (8.0_275-b01) (build 1.8.0_275-b01)
# Java VM: OpenJDK 64-Bit Server VM (25.275-b01 mixed mode windows-amd64 compressed oops)
Heap:
 PSYoungGen      total 64000K, used 7790K [0x000000076b180000, 0x000000076fc80000, 0x00000007c0000000)
  eden space 54272K, 9% used [0x000000076b180000,0x000000076b658ba8,0x000000076e680000)
  from space 9728K, 29% used [0x000000076f300000,0x000000076f5c3030,0x000000076fc80000)
  to   space 11264K, 0% used [0x000000076e680000,0x000000076e680000,0x000000076f180000)
 ParOldGen       total 175104K, used 4988K [0x00000006c1400000, 0x00000006cbf00000, 0x000000076b180000)
  object space 175104K, 2% used [0x00000006c1400000,0x00000006c18df3d8,0x00000006cbf00000)
 Metaspace       used 12096K, capacity 12272K, committed 12544K, reserved 1060864K
  class space    used 1345K, capacity 1421K, committed 1536K, reserved 1048576K
GC Heap History (10 events):
Event: 33.517 GC heap before
{Heap before GC invocations=10 (full 0):
 PSYoungGen      total 63488K, used 63247K [0x000000076b180000, 0x0000000770380000, 0x00000007c0000000)
  eden space 59392K, 100% used [0x000000076b180000,0x000000076eb80000,0x000000076eb80000)
  from space 4096K, 94% used [0x000000076ec80000,0x000000076f043d48,0x000000076f080000)
  to   space 12288K, 0% used [0x000000076f780000,0x000000076f780000,0x0000000770380000)
 ParOldGen       total 175104K, used 4796K [0x00000006c1400000, 0x00000006cbf00000, 0x000000076b180000)
  object space 175104K, 2% used [0x00000006c1400000,0x00000006c18af3d8,0x00000006cbf00000)
 Metaspace       used 11800K, capacity 12016K, committed 12288K, reserved 1060864K
  class space    used 1342K, capacity 1421K, committed 1536K, reserved 1048576K
Event: 33.518 GC heap after
Heap after GC invocations=10 (full 0):
 PSYoungGen      total 69632K, used 2953K [0x000000076b180000, 0x0000000770280000, 0x00000007c0000000)
  eden space 58368K, 0% used [0x000000076b180000,0x000000076b180000,0x000000076ea80000)
  from space 11264K, 26% used [0x000000076f780000,0x000000076fa627f0,0x0000000770280000)
  to   space 12288K, 0% used [0x000000076ea80000,0x000000076ea80000,0x000000076f680000)
 ParOldGen       total 175104K, used 4828K [0x00000006c1400000, 0x00000006cbf00000, 0x000000076b180000)
  object space 175104K, 2% used [0x00000006c1400000,0x00000006c18b73d8,0x00000006cbf00000)
 Metaspace       used 11800K, capacity 12016K, committed 12288K, reserved 1060864K
  class space    used 1342K, capacity 1421K, committed 1536K, reserved 1048576K
}
Event: 36.510 GC heap before
{Heap before GC invocations=11 (full 0):
 PSYoungGen      total 69632K, used 61321K [0x000000076b180000, 0x0000000770280000, 0x00000007c0000000)
  eden space 58368K, 100% used [0x000000076b180000,0x000000076ea80000,0x000000076ea80000)
  from space 11264K, 26% used [0x000000076f780000,0x000000076fa627f0,0x0000000770280000)
  to   space 12288K, 0% used [0x000000076ea80000,0x000000076ea80000,0x000000076f680000)
 ParOldGen       total 175104K, used 4828K [0x00000006c1400000, 0x00000006cbf00000, 0x000000076b180000)
  object space 175104K, 2% used [0x00000006c1400000,0x00000006c18b73d8,0x00000006cbf00000)
 Metaspace       used 11970K, capacity 12144K, committed 12288K, reserved 1060864K
  class space    used 1343K, capacity 1421K, committed 1536K, reserved 1048576K
Event: 36.512 GC heap after
Heap after GC invocations=11 (full 0):
 PSYoungGen      total 60416K, used 2987K [0x000000076b180000, 0x0000000770080000, 0x00000007c0000000)
  eden space 57344K, 0% used [0x000000076b180000,0x000000076b180000,0x000000076e980000)
  from space 3072K, 97% used [0x000000076ea80000,0x000000076ed6ae68,0x000000076ed80000)
  to   space 11776K, 0% used [0x000000076f500000,0x000000076f500000,0x0000000770080000)
 ParOldGen       total 175104K, used 4908K [0x00000006c1400000, 0x00000006cbf00000, 0x000000076b180000)
  object space 175104K, 2% used [0x00000006c1400000,0x00000006c18cb3d8,0x00000006cbf00000)
 Metaspace       used 11970K, capacity 12144K, committed 12288K, reserved 1060864K
  class space    used 1343K, capacity 1421K, committed 1536K, reserved 1048576K
}
Event: 39.428 GC heap before
{Heap before GC invocations=12 (full 0):
 PSYoungGen      total 60416K, used 60331K [0x000000076b180000, 0x0000000770080000, 0x00000007c0000000)
  eden space 57344K, 100% used [0x000000076b180000,0x000000076e980000,0x000000076e980000)
  from space 3072K, 97% used [0x000000076ea80000,0x000000076ed6ae68,0x000000076ed80000)
  to   space 11776K, 0% used [0x000000076f500000,0x000000076f500000,0x0000000770080000)
 ParOldGen       total 175104K, used 4908K [0x00000006c1400000, 0x00000006cbf00000, 0x000000076b180000)
  object space 175104K, 2% used [0x00000006c1400000,0x00000006c18cb3d8,0x00000006cbf00000)
 Metaspace       used 11993K, capacity 12208K, committed 12544K, reserved 1060864K
  class space    used 1343K, capacity 1421K, committed 1536K, reserved 1048576K
Event: 39.429 GC heap after
Heap after GC invocations=12 (full 0):
 PSYoungGen      total 67072K, used 3825K [0x000000076b180000, 0x000000076ff80000, 0x00000007c0000000)
  eden space 56320K, 0% used [0x000000076b180000,0x000000076b180000,0x000000076e880000)
  from space 10752K, 35% used [0x000000076f500000,0x000000076f8bc7c0,0x000000076ff80000)
  to   space 11776K, 0% used [0x000000076e880000,0x000000076e880000,0x000000076f400000)
 ParOldGen       total 175104K, used 4940K [0x00000006c1400000, 0x00000006cbf00000, 0x000000076b180000)
  object space 175104K, 2% used [0x00000006c1400000,0x00000006c18d33d8,0x00000006cbf00000)
 Metaspace       used 11993K, capacity 12208K, committed 12544K, reserved 1060864K
  class space    used 1343K, capacity 1421K, committed 1536K, reserved 1048576K
}
Event: 42.430 GC heap before
{Heap before GC invocations=13 (full 0):
 PSYoungGen      total 67072K, used 60145K [0x000000076b180000, 0x000000076ff80000, 0x00000007c0000000)
  eden space 56320K, 100% used [0x000000076b180000,0x000000076e880000,0x000000076e880000)
  from space 10752K, 35% used [0x000000076f500000,0x000000076f8bc7c0,0x000000076ff80000)
  to   space 11776K, 0% used [0x000000076e880000,0x000000076e880000,0x000000076f400000)
 ParOldGen       total 175104K, used 4940K [0x00000006c1400000, 0x00000006cbf00000, 0x000000076b180000)
  object space 175104K, 2% used [0x00000006c1400000,0x00000006c18d33d8,0x00000006cbf00000)
 Metaspace       used 12032K, capacity 12208K, committed 12544K, reserved 1060864K
  class space    used 1343K, capacity 1421K, committed 1536K, reserved 1048576K
Event: 42.431 GC heap after
Heap after GC invocations=13 (full 0):
 PSYoungGen      total 56832K, used 1127K [0x000000076b180000, 0x000000076fe80000, 0x00000007c0000000)
  eden space 55296K, 0% used [0x000000076b180000,0x000000076b180000,0x000000076e780000)
  from space 1536K, 73% used [0x000000076e880000,0x000000076e999d08,0x000000076ea00000)
  to   space 11776K, 0% used [0x000000076f300000,0x000000076f300000,0x000000076fe80000)
 ParOldGen       total 175104K, used 4972K [0x00000006c1400000, 0x00000006cbf00000, 0x000000076b180000)
  object space 175104K, 2% used [0x00000006c1400000,0x00000006c18db3d8,0x00000006cbf00000)
 Metaspace       used 12032K, capacity 12208K, committed 12544K, reserved 1060864K
  class space    used 1343K, capacity 1421K, committed 1536K, reserved 1048576K
}
Event: 45.325 GC heap before
{Heap before GC invocations=14 (full 0):
 PSYoungGen      total 56832K, used 56423K [0x000000076b180000, 0x000000076fe80000, 0x00000007c0000000)
  eden space 55296K, 100% used [0x000000076b180000,0x000000076e780000,0x000000076e780000)
  from space 1536K, 73% used [0x000000076e880000,0x000000076e999d08,0x000000076ea00000)
  to   space 11776K, 0% used [0x000000076f300000,0x000000076f300000,0x000000076fe80000)
 ParOldGen       total 175104K, used 4972K [0x00000006c1400000, 0x00000006cbf00000, 0x000000076b180000)
  object space 175104K, 2% used [0x00000006c1400000,0x00000006c18db3d8,0x00000006cbf00000)
 Metaspace       used 12082K, capacity 12272K, committed 12544K, reserved 1060864K
  class space    used 1343K, capacity 1421K, committed 1536K, reserved 1048576K
Event: 45.326 GC heap after
Heap after GC invocations=14 (full 0):
 PSYoungGen      total 64000K, used 2828K [0x000000076b180000, 0x000000076fc80000, 0x00000007c0000000)
  eden space 54272K, 0% used [0x000000076b180000,0x000000076b180000,0x000000076e680000)
  from space 9728K, 29% used [0x000000076f300000,0x000000076f5c3030,0x000000076fc80000)
  to   space 11264K, 0% used [0x000000076e680000,0x000000076e680000,0x000000076f180000)
 ParOldGen       total 175104K, used 4988K [0x00000006c1400000, 0x00000006cbf00000, 0x000000076b180000)
  object space 175104K, 2% used [0x00000006c1400000,0x00000006c18df3d8,0x00000006cbf00000)
 Metaspace       used 12082K, capacity 12272K, committed 12544K, reserved 1060864K
  class space    used 1343K, capacity 1421K, committed 1536K, reserved 1048576K
}

