# JRE version: OpenJDK Runtime Environment (8.0_275-b01) (build 1.8.0_275-b01)
# Java VM: OpenJDK 64-Bit Server VM (25.275-b01 mixed mode windows-amd64 compressed oops)
Heap:
 PSYoungGen      total 70144K, used 40437K [0x000000076b180000, 0x0000000770180000, 0x00000007c0000000)
  eden space 60416K, 60% used [0x000000076b180000,0x000000076d50f5f0,0x000000076ec80000)
  from space 9728K, 41% used [0x000000076f800000,0x000000076fbee010,0x0000000770180000)
  to   space 10752K, 0% used [0x000000076ec80000,0x000000076ec80000,0x000000076f700000)
 ParOldGen       total 175104K, used 4840K [0x00000006c1400000, 0x00000006cbf00000, 0x000000076b180000)
  object space 175104K, 2% used [0x00000006c1400000,0x00000006c18ba3c8,0x00000006cbf00000)
 Metaspace       used 12016K, capacity 12208K, committed 12544K, reserved 1060864K
  class space    used 1344K, capacity 1421K, committed 1536K, reserved 1048576K
GC Heap History (10 events):
Event: 13.921 GC heap before
{Heap before GC invocations=4 (full 0):
 PSYoungGen      total 76288K, used 69631K [0x000000076b180000, 0x0000000770680000, 0x00000007c0000000)
  eden space 65536K, 100% used [0x000000076b180000,0x000000076f180000,0x000000076f180000)
  from space 10752K, 38% used [0x000000076f180000,0x000000076f57ff48,0x000000076fc00000)
  to   space 10752K, 0% used [0x000000076fc00000,0x000000076fc00000,0x0000000770680000)
 ParOldGen       total 175104K, used 32K [0x00000006c1400000, 0x00000006cbf00000, 0x000000076b180000)
  object space 175104K, 0% used [0x00000006c1400000,0x00000006c1408000,0x00000006cbf00000)
 Metaspace       used 11769K, capacity 11944K, committed 12288K, reserved 1060864K
  class space    used 1341K, capacity 1421K, committed 1536K, reserved 1048576K
Event: 13.923 GC heap after
Heap after GC invocations=4 (full 0):
 PSYoungGen      total 76288K, used 7709K [0x000000076b180000, 0x0000000770680000, 0x00000007c0000000)
  eden space 65536K, 0% used [0x000000076b180000,0x000000076b180000,0x000000076f180000)
  from space 10752K, 71% used [0x000000076fc00000,0x0000000770387498,0x0000000770680000)
  to   space 10752K, 0% used [0x000000076f180000,0x000000076f180000,0x000000076fc00000)
 ParOldGen       total 175104K, used 40K [0x00000006c1400000, 0x00000006cbf00000, 0x000000076b180000)
  object space 175104K, 0% used [0x00000006c1400000,0x00000006c140a000,0x00000006cbf00000)
 Metaspace       used 11769K, capacity 11944K, committed 12288K, reserved 1060864K
  class space    used 1341K, capacity 1421K, committed 1536K, reserved 1048576K
}
Event: 17.335 GC heap before
{Heap before GC invocations=5 (full 0):
 PSYoungGen      total 76288K, used 73245K [0x000000076b180000, 0x0000000770680000, 0x00000007c0000000)
  eden space 65536K, 100% used [0x000000076b180000,0x000000076f180000,0x000000076f180000)
  from space 10752K, 71% used [0x000000076fc00000,0x0000000770387498,0x0000000770680000)
  to   space 10752K, 0% used [0x000000076f180000,0x000000076f180000,0x000000076fc00000)
 ParOldGen       total 175104K, used 40K [0x00000006c1400000, 0x00000006cbf00000, 0x000000076b180000)
  object space 175104K, 0% used [0x00000006c1400000,0x00000006c140a000,0x00000006cbf00000)
 Metaspace       used 11824K, capacity 12008K, committed 12288K, reserved 1060864K
  class space    used 1341K, capacity 1421K, committed 1536K, reserved 1048576K
Event: 17.338 GC heap after
Heap after GC invocations=5 (full 0):
 PSYoungGen      total 71168K, used 6743K [0x000000076b180000, 0x0000000770400000, 0x00000007c0000000)
  eden space 64000K, 0% used [0x000000076b180000,0x000000076b180000,0x000000076f000000)
  from space 7168K, 94% used [0x000000076f180000,0x000000076f815f20,0x000000076f880000)
  to   space 10240K, 0% used [0x000000076fa00000,0x000000076fa00000,0x0000000770400000)
 ParOldGen       total 175104K, used 48K [0x00000006c1400000, 0x00000006cbf00000, 0x000000076b180000)
  object space 175104K, 0% used [0x00000006c1400000,0x00000006c140c000,0x00000006cbf00000)
 Metaspace       used 11824K, capacity 12008K, committed 12288K, reserved 1060864K
  class space    used 1341K, capacity 1421K, committed 1536K, reserved 1048576K
}
Event: 20.631 GC heap before
{Heap before GC invocations=6 (full 0):
 PSYoungGen      total 71168K, used 70426K [0x000000076b180000, 0x0000000770400000, 0x00000007c0000000)
  eden space 64000K, 99% used [0x000000076b180000,0x000000076efb0930,0x000000076f000000)
  from space 7168K, 94% used [0x000000076f180000,0x000000076f815f20,0x000000076f880000)
  to   space 10240K, 0% used [0x000000076fa00000,0x000000076fa00000,0x0000000770400000)
 ParOldGen       total 175104K, used 48K [0x00000006c1400000, 0x00000006cbf00000, 0x000000076b180000)
  object space 175104K, 0% used [0x00000006c1400000,0x00000006c140c000,0x00000006cbf00000)
 Metaspace       used 11873K, capacity 12072K, committed 12288K, reserved 1060864K
  class space    used 1341K, capacity 1421K, committed 1536K, reserved 1048576K
Event: 20.633 GC heap after
Heap after GC invocations=6 (full 0):
 PSYoungGen      total 71168K, used 7673K [0x000000076b180000, 0x0000000770280000, 0x00000007c0000000)
  eden space 62464K, 0% used [0x000000076b180000,0x000000076b180000,0x000000076ee80000)
  from space 8704K, 88% used [0x000000076fa00000,0x000000077017e7d0,0x0000000770280000)
  to   space 10240K, 0% used [0x000000076ee80000,0x000000076ee80000,0x000000076f880000)
 ParOldGen       total 175104K, used 56K [0x00000006c1400000, 0x00000006cbf00000, 0x000000076b180000)
  object space 175104K, 0% used [0x00000006c1400000,0x00000006c140e000,0x00000006cbf00000)
 Metaspace       used 11873K, capacity 12072K, committed 12288K, reserved 1060864K
  class space    used 1341K, capacity 1421K, committed 1536K, reserved 1048576K
}
Event: 23.825 GC heap before
{Heap before GC invocations=7 (full 0):
 PSYoungGen      total 71168K, used 69818K [0x000000076b180000, 0x0000000770280000, 0x00000007c0000000)
  eden space 62464K, 99% used [0x000000076b180000,0x000000076ee30358,0x000000076ee80000)
  from space 8704K, 88% used [0x000000076fa00000,0x000000077017e7d0,0x0000000770280000)
  to   space 10240K, 0% used [0x000000076ee80000,0x000000076ee80000,0x000000076f880000)
 ParOldGen       total 175104K, used 56K [0x00000006c1400000, 0x00000006cbf00000, 0x000000076b180000)
  object space 175104K, 0% used [0x00000006c1400000,0x00000006c140e000,0x00000006cbf00000)
 Metaspace       used 11902K, capacity 12136K, committed 12288K, reserved 1060864K
  class space    used 1341K, capacity 1421K, committed 1536K, reserved 1048576K
Event: 23.827 GC heap after
Heap after GC invocations=7 (full 0):
 PSYoungGen      total 65024K, used 3123K [0x000000076b180000, 0x0000000770280000, 0x00000007c0000000)
  eden space 61440K, 0% used [0x000000076b180000,0x000000076b180000,0x000000076ed80000)
  from space 3584K, 87% used [0x000000076ee80000,0x000000076f18ccb0,0x000000076f200000)
  to   space 10752K, 0% used [0x000000076f800000,0x000000076f800000,0x0000000770280000)
 ParOldGen       total 175104K, used 4776K [0x00000006c1400000, 0x00000006cbf00000, 0x000000076b180000)
  object space 175104K, 2% used [0x00000006c1400000,0x00000006c18aa3c8,0x00000006cbf00000)
 Metaspace       used 11902K, capacity 12136K, committed 12288K, reserved 1060864K
  class space    used 1341K, capacity 1421K, committed 1536K, reserved 1048576K
}
Event: 26.977 GC heap before
{Heap before GC invocations=8 (full 0):
 PSYoungGen      total 65024K, used 64563K [0x000000076b180000, 0x0000000770280000, 0x00000007c0000000)
  eden space 61440K, 100% used [0x000000076b180000,0x000000076ed80000,0x000000076ed80000)
  from space 3584K, 87% used [0x000000076ee80000,0x000000076f18ccb0,0x000000076f200000)
  to   space 10752K, 0% used [0x000000076f800000,0x000000076f800000,0x0000000770280000)
 ParOldGen       total 175104K, used 4776K [0x00000006c1400000, 0x00000006cbf00000, 0x000000076b180000)
  object space 175104K, 2% used [0x00000006c1400000,0x00000006c18aa3c8,0x00000006cbf00000)
 Metaspace       used 11957K, capacity 12144K, committed 12288K, reserved 1060864K
  class space    used 1341K, capacity 1421K, committed 1536K, reserved 1048576K
Event: 26.978 GC heap after
Heap after GC invocations=8 (full 0):
 PSYoungGen      total 70144K, used 4024K [0x000000076b180000, 0x0000000770180000, 0x00000007c0000000)
  eden space 60416K, 0% used [0x000000076b180000,0x000000076b180000,0x000000076ec80000)
  from space 9728K, 41% used [0x000000076f800000,0x000000076fbee010,0x0000000770180000)
  to   space 10752K, 0% used [0x000000076ec80000,0x000000076ec80000,0x000000076f700000)
 ParOldGen       total 175104K, used 4840K [0x00000006c1400000, 0x00000006cbf00000, 0x000000076b180000)
  object space 175104K, 2% used [0x00000006c1400000,0x00000006c18ba3c8,0x00000006cbf00000)
 Metaspace       used 11957K, capacity 12144K, committed 12288K, reserved 1060864K
  class space    used 1341K, capacity 1421K, committed 1536K, reserved 1048576K
}

