# JRE version: OpenJDK Runtime Environment (8.0_275-b01) (build 1.8.0_275-b01)
# Java VM: OpenJDK 64-Bit Server VM (25.275-b01 mixed mode windows-amd64 compressed oops)
Heap:
 PSYoungGen      total 215040K, used 57935K [0x000000076b180000, 0x000000077a380000, 0x00000007c0000000)
  eden space 209920K, 26% used [0x000000076b180000,0x000000076e6e2528,0x0000000777e80000)
  from space 5120K, 63% used [0x0000000777e80000,0x00000007781b1770,0x0000000778380000)
  to   space 5120K, 0% used [0x0000000779e80000,0x0000000779e80000,0x000000077a380000)
 ParOldGen       total 335360K, used 214486K [0x00000006c1400000, 0x00000006d5b80000, 0x000000076b180000)
  object space 335360K, 63% used [0x00000006c1400000,0x00000006ce5758a8,0x00000006d5b80000)
 Metaspace       used 11769K, capacity 11944K, committed 12288K, reserved 1060864K
  class space    used 1357K, capacity 1421K, committed 1536K, reserved 1048576K
GC Heap History (10 events):
Event: 10.306 GC heap before
{Heap before GC invocations=10 (full 3):
 PSYoungGen      total 138752K, used 131908K [0x000000076b180000, 0x0000000774e80000, 0x00000007c0000000)
  eden space 132608K, 99% used [0x000000076b180000,0x0000000773251360,0x0000000773300000)
  from space 6144K, 0% used [0x0000000773880000,0x0000000773880000,0x0000000773e80000)
  to   space 5632K, 0% used [0x0000000773300000,0x0000000773300000,0x0000000773880000)
 ParOldGen       total 335360K, used 38688K [0x00000006c1400000, 0x00000006d5b80000, 0x000000076b180000)
  object space 335360K, 11% used [0x00000006c1400000,0x00000006c39c82b8,0x00000006d5b80000)
 Metaspace       used 11710K, capacity 11880K, committed 12032K, reserved 1060864K
  class space    used 1354K, capacity 1421K, committed 1536K, reserved 1048576K
Event: 10.310 GC heap after
Heap after GC invocations=10 (full 3):
 PSYoungGen      total 138240K, used 3269K [0x000000076b180000, 0x0000000777080000, 0x00000007c0000000)
  eden space 132608K, 0% used [0x000000076b180000,0x000000076b180000,0x0000000773300000)
  from space 5632K, 58% used [0x0000000773300000,0x0000000773631560,0x0000000773880000)
  to   space 5632K, 0% used [0x0000000776b00000,0x0000000776b00000,0x0000000777080000)
 ParOldGen       total 335360K, used 73844K [0x00000006c1400000, 0x00000006d5b80000, 0x000000076b180000)
  object space 335360K, 22% used [0x00000006c1400000,0x00000006c5c1d3e8,0x00000006d5b80000)
 Metaspace       used 11710K, capacity 11880K, committed 12032K, reserved 1060864K
  class space    used 1354K, capacity 1421K, committed 1536K, reserved 1048576K
}
Event: 12.012 GC heap before
{Heap before GC invocations=11 (full 3):
 PSYoungGen      total 138240K, used 130019K [0x000000076b180000, 0x0000000777080000, 0x00000007c0000000)
  eden space 132608K, 95% used [0x000000076b180000,0x0000000772d478e0,0x0000000773300000)
  from space 5632K, 58% used [0x0000000773300000,0x0000000773631560,0x0000000773880000)
  to   space 5632K, 0% used [0x0000000776b00000,0x0000000776b00000,0x0000000777080000)
 ParOldGen       total 335360K, used 73844K [0x00000006c1400000, 0x00000006d5b80000, 0x000000076b180000)
  object space 335360K, 22% used [0x00000006c1400000,0x00000006c5c1d3e8,0x00000006d5b80000)
 Metaspace       used 11717K, capacity 11880K, committed 12032K, reserved 1060864K
  class space    used 1354K, capacity 1421K, committed 1536K, reserved 1048576K
Event: 12.015 GC heap after
Heap after GC invocations=11 (full 3):
 PSYoungGen      total 181248K, used 3268K [0x000000076b180000, 0x0000000776e80000, 0x00000007c0000000)
  eden space 177664K, 0% used [0x000000076b180000,0x000000076b180000,0x0000000775f00000)
  from space 3584K, 91% used [0x0000000776b00000,0x0000000776e313b0,0x0000000776e80000)
  to   space 5632K, 0% used [0x0000000776380000,0x0000000776380000,0x0000000776900000)
 ParOldGen       total 335360K, used 109009K [0x00000006c1400000, 0x00000006d5b80000, 0x000000076b180000)
  object space 335360K, 32% used [0x00000006c1400000,0x00000006c7e74518,0x00000006d5b80000)
 Metaspace       used 11717K, capacity 11880K, committed 12032K, reserved 1060864K
  class space    used 1354K, capacity 1421K, committed 1536K, reserved 1048576K
}
Event: 14.413 GC heap before
{Heap before GC invocations=12 (full 3):
 PSYoungGen      total 181248K, used 179731K [0x000000076b180000, 0x0000000776e80000, 0x00000007c0000000)
  eden space 177664K, 99% used [0x000000076b180000,0x0000000775dd38d8,0x0000000775f00000)
  from space 3584K, 91% used [0x0000000776b00000,0x0000000776e313b0,0x0000000776e80000)
  to   space 5632K, 0% used [0x0000000776380000,0x0000000776380000,0x0000000776900000)
 ParOldGen       total 335360K, used 109009K [0x00000006c1400000, 0x00000006d5b80000, 0x000000076b180000)
  object space 335360K, 32% used [0x00000006c1400000,0x00000006c7e74518,0x00000006d5b80000)
 Metaspace       used 11723K, capacity 11880K, committed 12032K, reserved 1060864K
  class space    used 1354K, capacity 1421K, committed 1536K, reserved 1048576K
Event: 14.417 GC heap after
Heap after GC invocations=12 (full 3):
 PSYoungGen      total 187904K, used 3298K [0x000000076b180000, 0x0000000778900000, 0x00000007c0000000)
  eden space 182272K, 0% used [0x000000076b180000,0x000000076b180000,0x0000000776380000)
  from space 5632K, 58% used [0x0000000776380000,0x00000007766b8a00,0x0000000776900000)
  to   space 5632K, 0% used [0x0000000778380000,0x0000000778380000,0x0000000778900000)
 ParOldGen       total 335360K, used 144165K [0x00000006c1400000, 0x00000006d5b80000, 0x000000076b180000)
  object space 335360K, 42% used [0x00000006c1400000,0x00000006ca0c9648,0x00000006d5b80000)
 Metaspace       used 11723K, capacity 11880K, committed 12032K, reserved 1060864K
  class space    used 1354K, capacity 1421K, committed 1536K, reserved 1048576K
}
Event: 16.797 GC heap before
{Heap before GC invocations=13 (full 3):
 PSYoungGen      total 187904K, used 181118K [0x000000076b180000, 0x0000000778900000, 0x00000007c0000000)
  eden space 182272K, 97% used [0x000000076b180000,0x0000000775f26e38,0x0000000776380000)
  from space 5632K, 58% used [0x0000000776380000,0x00000007766b8a00,0x0000000776900000)
  to   space 5632K, 0% used [0x0000000778380000,0x0000000778380000,0x0000000778900000)
 ParOldGen       total 335360K, used 144165K [0x00000006c1400000, 0x00000006d5b80000, 0x000000076b180000)
  object space 335360K, 42% used [0x00000006c1400000,0x00000006ca0c9648,0x00000006d5b80000)
 Metaspace       used 11732K, capacity 11944K, committed 12288K, reserved 1060864K
  class space    used 1354K, capacity 1421K, committed 1536K, reserved 1048576K
Event: 16.801 GC heap after
Heap after GC invocations=13 (full 3):
 PSYoungGen      total 215552K, used 3268K [0x000000076b180000, 0x0000000778900000, 0x00000007c0000000)
  eden space 209920K, 0% used [0x000000076b180000,0x000000076b180000,0x0000000777e80000)
  from space 5632K, 58% used [0x0000000778380000,0x00000007786b1100,0x0000000778900000)
  to   space 5120K, 0% used [0x0000000777e80000,0x0000000777e80000,0x0000000778380000)
 ParOldGen       total 335360K, used 179329K [0x00000006c1400000, 0x00000006d5b80000, 0x000000076b180000)
  object space 335360K, 53% used [0x00000006c1400000,0x00000006cc320778,0x00000006d5b80000)
 Metaspace       used 11732K, capacity 11944K, committed 12288K, reserved 1060864K
  class space    used 1354K, capacity 1421K, committed 1536K, reserved 1048576K
}
Event: 19.524 GC heap before
{Heap before GC invocations=14 (full 3):
 PSYoungGen      total 215552K, used 203758K [0x000000076b180000, 0x0000000778900000, 0x00000007c0000000)
  eden space 209920K, 95% used [0x000000076b180000,0x000000077754a850,0x0000000777e80000)
  from space 5632K, 58% used [0x0000000778380000,0x00000007786b1100,0x0000000778900000)
  to   space 5120K, 0% used [0x0000000777e80000,0x0000000777e80000,0x0000000778380000)
 ParOldGen       total 335360K, used 179329K [0x00000006c1400000, 0x00000006d5b80000, 0x000000076b180000)
  object space 335360K, 53% used [0x00000006c1400000,0x00000006cc320778,0x00000006d5b80000)
 Metaspace       used 11747K, capacity 11944K, committed 12288K, reserved 1060864K
  class space    used 1354K, capacity 1421K, committed 1536K, reserved 1048576K
Event: 19.528 GC heap after
Heap after GC invocations=14 (full 3):
 PSYoungGen      total 215040K, used 3269K [0x000000076b180000, 0x000000077a380000, 0x00000007c0000000)
  eden space 209920K, 0% used [0x000000076b180000,0x000000076b180000,0x0000000777e80000)
  from space 5120K, 63% used [0x0000000777e80000,0x00000007781b1770,0x0000000778380000)
  to   space 5120K, 0% used [0x0000000779e80000,0x0000000779e80000,0x000000077a380000)
 ParOldGen       total 335360K, used 214486K [0x00000006c1400000, 0x00000006d5b80000, 0x000000076b180000)
  object space 335360K, 63% used [0x00000006c1400000,0x00000006ce5758a8,0x00000006d5b80000)
 Metaspace       used 11747K, capacity 11944K, committed 12288K, reserved 1060864K
  class space    used 1354K, capacity 1421K, committed 1536K, reserved 1048576K
}

