# JRE version: OpenJDK Runtime Environment (8.0_275-b01) (build 1.8.0_275-b01)
# Java VM: OpenJDK 64-Bit Server VM (25.275-b01 mixed mode windows-amd64 compressed oops)
Heap:
 PSYoungGen      total 204800K, used 182703K [0x000000076b180000, 0x000000077a500000, 0x00000007c0000000)
  eden space 199168K, 89% used [0x000000076b180000,0x000000077607de20,0x0000000777400000)
  from space 5632K, 62% used [0x0000000777400000,0x000000077776deb0,0x0000000777980000)
  to   space 5632K, 0% used [0x0000000779f80000,0x0000000779f80000,0x000000077a500000)
 ParOldGen       total 327168K, used 179417K [0x00000006c1400000, 0x00000006d5380000, 0x000000076b180000)
  object space 327168K, 54% used [0x00000006c1400000,0x00000006cc336798,0x00000006d5380000)
 Metaspace       used 11701K, capacity 11880K, committed 12032K, reserved 1060864K
  class space    used 1345K, capacity 1421K, committed 1536K, reserved 1048576K
GC Heap History (10 events):
Event: 5.574 GC heap before
{Heap before GC invocations=8 (full 2):
 PSYoungGen      total 116736K, used 109527K [0x000000076b180000, 0x0000000774680000, 0x00000007c0000000)
  eden space 105984K, 100% used [0x000000076b180000,0x0000000771900000,0x0000000771900000)
  from space 10752K, 32% used [0x0000000771900000,0x0000000771c75eb0,0x0000000772380000)
  to   space 6144K, 0% used [0x0000000774080000,0x0000000774080000,0x0000000774680000)
 ParOldGen       total 296960K, used 144261K [0x00000006c1400000, 0x00000006d3600000, 0x000000076b180000)
  object space 296960K, 48% used [0x00000006c1400000,0x00000006ca0e17f0,0x00000006d3600000)
 Metaspace       used 11511K, capacity 11688K, committed 12032K, reserved 1060864K
  class space    used 1341K, capacity 1421K, committed 1536K, reserved 1048576K
Event: 5.584 GC heap after
Heap after GC invocations=8 (full 2):
 PSYoungGen      total 146432K, used 3543K [0x000000076b180000, 0x0000000775400000, 0x00000007c0000000)
  eden space 140288K, 0% used [0x000000076b180000,0x000000076b180000,0x0000000773a80000)
  from space 6144K, 57% used [0x0000000774080000,0x00000007743f5eb0,0x0000000774680000)
  to   space 6144K, 0% used [0x0000000773a80000,0x0000000773a80000,0x0000000774080000)
 ParOldGen       total 296960K, used 214582K [0x00000006c1400000, 0x00000006d3600000, 0x000000076b180000)
  object space 296960K, 72% used [0x00000006c1400000,0x00000006ce58da50,0x00000006d3600000)
 Metaspace       used 11511K, capacity 11688K, committed 12032K, reserved 1060864K
  class space    used 1341K, capacity 1421K, committed 1536K, reserved 1048576K
}
Event: 5.584 GC heap before
{Heap before GC invocations=9 (full 3):
 PSYoungGen      total 146432K, used 3543K [0x000000076b180000, 0x0000000775400000, 0x00000007c0000000)
  eden space 140288K, 0% used [0x000000076b180000,0x000000076b180000,0x0000000773a80000)
  from space 6144K, 57% used [0x0000000774080000,0x00000007743f5eb0,0x0000000774680000)
  to   space 6144K, 0% used [0x0000000773a80000,0x0000000773a80000,0x0000000774080000)
 ParOldGen       total 296960K, used 214582K [0x00000006c1400000, 0x00000006d3600000, 0x000000076b180000)
  object space 296960K, 72% used [0x00000006c1400000,0x00000006ce58da50,0x00000006d3600000)
 Metaspace       used 11511K, capacity 11688K, committed 12032K, reserved 1060864K
  class space    used 1341K, capacity 1421K, committed 1536K, reserved 1048576K
Event: 5.607 GC heap after
Heap after GC invocations=9 (full 3):
 PSYoungGen      total 146432K, used 0K [0x000000076b180000, 0x0000000775400000, 0x00000007c0000000)
  eden space 140288K, 0% used [0x000000076b180000,0x000000076b180000,0x0000000773a80000)
  from space 6144K, 0% used [0x0000000774080000,0x0000000774080000,0x0000000774680000)
  to   space 6144K, 0% used [0x0000000773a80000,0x0000000773a80000,0x0000000774080000)
 ParOldGen       total 327168K, used 38776K [0x00000006c1400000, 0x00000006d5380000, 0x000000076b180000)
  object space 327168K, 11% used [0x00000006c1400000,0x00000006c39de2d8,0x00000006d5380000)
 Metaspace       used 11511K, capacity 11688K, committed 12032K, reserved 1060864K
  class space    used 1341K, capacity 1421K, committed 1536K, reserved 1048576K
}
Event: 6.945 GC heap before
{Heap before GC invocations=10 (full 3):
 PSYoungGen      total 146432K, used 131174K [0x000000076b180000, 0x0000000775400000, 0x00000007c0000000)
  eden space 140288K, 93% used [0x000000076b180000,0x0000000773199838,0x0000000773a80000)
  from space 6144K, 0% used [0x0000000774080000,0x0000000774080000,0x0000000774680000)
  to   space 6144K, 0% used [0x0000000773a80000,0x0000000773a80000,0x0000000774080000)
 ParOldGen       total 327168K, used 38776K [0x00000006c1400000, 0x00000006d5380000, 0x000000076b180000)
  object space 327168K, 11% used [0x00000006c1400000,0x00000006c39de2d8,0x00000006d5380000)
 Metaspace       used 11663K, capacity 11880K, committed 12032K, reserved 1060864K
  class space    used 1341K, capacity 1421K, committed 1536K, reserved 1048576K
Event: 6.949 GC heap after
Heap after GC invocations=10 (full 3):
 PSYoungGen      total 146432K, used 3511K [0x000000076b180000, 0x0000000778180000, 0x00000007c0000000)
  eden space 140288K, 0% used [0x000000076b180000,0x000000076b180000,0x0000000773a80000)
  from space 6144K, 57% used [0x0000000773a80000,0x0000000773dedeb0,0x0000000774080000)
  to   space 6144K, 0% used [0x0000000777b80000,0x0000000777b80000,0x0000000778180000)
 ParOldGen       total 327168K, used 73941K [0x00000006c1400000, 0x00000006d5380000, 0x000000076b180000)
  object space 327168K, 22% used [0x00000006c1400000,0x00000006c5c35408,0x00000006d5380000)
 Metaspace       used 11663K, capacity 11880K, committed 12032K, reserved 1060864K
  class space    used 1341K, capacity 1421K, committed 1536K, reserved 1048576K
}
Event: 8.146 GC heap before
{Heap before GC invocations=11 (full 3):
 PSYoungGen      total 146432K, used 143799K [0x000000076b180000, 0x0000000778180000, 0x00000007c0000000)
  eden space 140288K, 100% used [0x000000076b180000,0x0000000773a80000,0x0000000773a80000)
  from space 6144K, 57% used [0x0000000773a80000,0x0000000773dedeb0,0x0000000774080000)
  to   space 6144K, 0% used [0x0000000777b80000,0x0000000777b80000,0x0000000778180000)
 ParOldGen       total 327168K, used 73941K [0x00000006c1400000, 0x00000006d5380000, 0x000000076b180000)
  object space 327168K, 22% used [0x00000006c1400000,0x00000006c5c35408,0x00000006d5380000)
 Metaspace       used 11668K, capacity 11880K, committed 12032K, reserved 1060864K
  class space    used 1341K, capacity 1421K, committed 1536K, reserved 1048576K
Event: 8.153 GC heap after
Heap after GC invocations=11 (full 3):
 PSYoungGen      total 200192K, used 3575K [0x000000076b180000, 0x0000000777f00000, 0x00000007c0000000)
  eden space 196608K, 0% used [0x000000076b180000,0x000000076b180000,0x0000000777180000)
  from space 3584K, 99% used [0x0000000777b80000,0x0000000777efdeb0,0x0000000777f00000)
  to   space 5632K, 0% used [0x0000000777400000,0x0000000777400000,0x0000000777980000)
 ParOldGen       total 327168K, used 144261K [0x00000006c1400000, 0x00000006d5380000, 0x000000076b180000)
  object space 327168K, 44% used [0x00000006c1400000,0x00000006ca0e1668,0x00000006d5380000)
 Metaspace       used 11668K, capacity 11880K, committed 12032K, reserved 1060864K
  class space    used 1341K, capacity 1421K, committed 1536K, reserved 1048576K
}
Event: 9.961 GC heap before
{Heap before GC invocations=12 (full 3):
 PSYoungGen      total 200192K, used 191840K [0x000000076b180000, 0x0000000777f00000, 0x00000007c0000000)
  eden space 196608K, 95% used [0x000000076b180000,0x000000077695a518,0x0000000777180000)
  from space 3584K, 99% used [0x0000000777b80000,0x0000000777efdeb0,0x0000000777f00000)
  to   space 5632K, 0% used [0x0000000777400000,0x0000000777400000,0x0000000777980000)
 ParOldGen       total 327168K, used 144261K [0x00000006c1400000, 0x00000006d5380000, 0x000000076b180000)
  object space 327168K, 44% used [0x00000006c1400000,0x00000006ca0e1668,0x00000006d5380000)
 Metaspace       used 11677K, capacity 11880K, committed 12032K, reserved 1060864K
  class space    used 1341K, capacity 1421K, committed 1536K, reserved 1048576K
Event: 9.964 GC heap after
Heap after GC invocations=12 (full 3):
 PSYoungGen      total 204800K, used 3511K [0x000000076b180000, 0x000000077a500000, 0x00000007c0000000)
  eden space 199168K, 0% used [0x000000076b180000,0x000000076b180000,0x0000000777400000)
  from space 5632K, 62% used [0x0000000777400000,0x000000077776deb0,0x0000000777980000)
  to   space 5632K, 0% used [0x0000000779f80000,0x0000000779f80000,0x000000077a500000)
 ParOldGen       total 327168K, used 179417K [0x00000006c1400000, 0x00000006d5380000, 0x000000076b180000)
  object space 327168K, 54% used [0x00000006c1400000,0x00000006cc336798,0x00000006d5380000)
 Metaspace       used 11677K, capacity 11880K, committed 12032K, reserved 1060864K
  class space    used 1341K, capacity 1421K, committed 1536K, reserved 1048576K
}

