# JRE version: OpenJDK Runtime Environment (8.0_275-b01) (build 1.8.0_275-b01)
# Java VM: OpenJDK 64-Bit Server VM (25.275-b01 mixed mode windows-amd64 compressed oops)
Heap:
 PSYoungGen      total 187904K, used 96088K [0x000000076b180000, 0x0000000777500000, 0x00000007c0000000)
  eden space 184320K, 50% used [0x000000076b180000,0x0000000770be04a8,0x0000000776580000)
  from space 3584K, 98% used [0x0000000777180000,0x00000007774f5eb0,0x0000000777500000)
  to   space 5632K, 0% used [0x0000000776a00000,0x0000000776a00000,0x0000000776f80000)
 ParOldGen       total 328192K, used 109078K [0x00000006c1400000, 0x00000006d5480000, 0x000000076b180000)
  object space 328192K, 33% used [0x00000006c1400000,0x00000006c7e85930,0x00000006d5480000)
 Metaspace       used 11696K, capacity 11880K, committed 12032K, reserved 1060864K
  class space    used 1344K, capacity 1421K, committed 1536K, reserved 1048576K
GC Heap History (10 events):
Event: 4.653 GC heap before
{Heap before GC invocations=7 (full 2):
 PSYoungGen      total 97792K, used 97719K [0x000000076b180000, 0x0000000772e80000, 0x00000007c0000000)
  eden space 94208K, 100% used [0x000000076b180000,0x0000000770d80000,0x0000000770d80000)
  from space 3584K, 97% used [0x0000000772b00000,0x0000000772e6deb0,0x0000000772e80000)
  to   space 10752K, 0% used [0x0000000771980000,0x0000000771980000,0x0000000772400000)
 ParOldGen       total 295936K, used 73951K [0x00000006c1400000, 0x00000006d3500000, 0x000000076b180000)
  object space 295936K, 24% used [0x00000006c1400000,0x00000006c5c37ed0,0x00000006d3500000)
 Metaspace       used 11215K, capacity 11396K, committed 11648K, reserved 1058816K
  class space    used 1313K, capacity 1389K, committed 1408K, reserved 1048576K
Event: 4.666 GC heap after
Heap after GC invocations=7 (full 2):
 PSYoungGen      total 117248K, used 3575K [0x000000076b180000, 0x0000000774280000, 0x00000007c0000000)
  eden space 106496K, 0% used [0x000000076b180000,0x000000076b180000,0x0000000771980000)
  from space 10752K, 33% used [0x0000000771980000,0x0000000771cfdeb0,0x0000000772400000)
  to   space 6144K, 0% used [0x0000000773c80000,0x0000000773c80000,0x0000000774280000)
 ParOldGen       total 295936K, used 144264K [0x00000006c1400000, 0x00000006d3500000, 0x000000076b180000)
  object space 295936K, 48% used [0x00000006c1400000,0x00000006ca0e2130,0x00000006d3500000)
 Metaspace       used 11215K, capacity 11396K, committed 11648K, reserved 1058816K
  class space    used 1313K, capacity 1389K, committed 1408K, reserved 1048576K
}
Event: 5.620 GC heap before
{Heap before GC invocations=8 (full 2):
 PSYoungGen      total 117248K, used 110071K [0x000000076b180000, 0x0000000774280000, 0x00000007c0000000)
  eden space 106496K, 100% used [0x000000076b180000,0x0000000771980000,0x0000000771980000)
  from space 10752K, 33% used [0x0000000771980000,0x0000000771cfdeb0,0x0000000772400000)
  to   space 6144K, 0% used [0x0000000773c80000,0x0000000773c80000,0x0000000774280000)
 ParOldGen       total 295936K, used 144264K [0x00000006c1400000, 0x00000006d3500000, 0x000000076b180000)
  object space 295936K, 48% used [0x00000006c1400000,0x00000006ca0e2130,0x00000006d3500000)
 Metaspace       used 11215K, capacity 11396K, committed 11648K, reserved 1058816K
  class space    used 1313K, capacity 1389K, committed 1408K, reserved 1048576K
Event: 5.633 GC heap after
Heap after GC invocations=8 (full 2):
 PSYoungGen      total 142336K, used 3543K [0x000000076b180000, 0x0000000775300000, 0x00000007c0000000)
  eden space 136192K, 0% used [0x000000076b180000,0x000000076b180000,0x0000000773680000)
  from space 6144K, 57% used [0x0000000773c80000,0x0000000773ff5eb0,0x0000000774280000)
  to   space 6144K, 0% used [0x0000000773680000,0x0000000773680000,0x0000000773c80000)
 ParOldGen       total 295936K, used 214576K [0x00000006c1400000, 0x00000006d3500000, 0x000000076b180000)
  object space 295936K, 72% used [0x00000006c1400000,0x00000006ce58c390,0x00000006d3500000)
 Metaspace       used 11215K, capacity 11396K, committed 11648K, reserved 1058816K
  class space    used 1313K, capacity 1389K, committed 1408K, reserved 1048576K
}
Event: 5.633 GC heap before
{Heap before GC invocations=9 (full 3):
 PSYoungGen      total 142336K, used 3543K [0x000000076b180000, 0x0000000775300000, 0x00000007c0000000)
  eden space 136192K, 0% used [0x000000076b180000,0x000000076b180000,0x0000000773680000)
  from space 6144K, 57% used [0x0000000773c80000,0x0000000773ff5eb0,0x0000000774280000)
  to   space 6144K, 0% used [0x0000000773680000,0x0000000773680000,0x0000000773c80000)
 ParOldGen       total 295936K, used 214576K [0x00000006c1400000, 0x00000006d3500000, 0x000000076b180000)
  object space 295936K, 72% used [0x00000006c1400000,0x00000006ce58c390,0x00000006d3500000)
 Metaspace       used 11215K, capacity 11396K, committed 11648K, reserved 1058816K
  class space    used 1313K, capacity 1389K, committed 1408K, reserved 1048576K
Event: 5.667 GC heap after
Heap after GC invocations=9 (full 3):
 PSYoungGen      total 142336K, used 0K [0x000000076b180000, 0x0000000775300000, 0x00000007c0000000)
  eden space 136192K, 0% used [0x000000076b180000,0x000000076b180000,0x0000000773680000)
  from space 6144K, 0% used [0x0000000773c80000,0x0000000773c80000,0x0000000774280000)
  to   space 6144K, 0% used [0x0000000773680000,0x0000000773680000,0x0000000773c80000)
 ParOldGen       total 328192K, used 38749K [0x00000006c1400000, 0x00000006d5480000, 0x000000076b180000)
  object space 328192K, 11% used [0x00000006c1400000,0x00000006c39d76d0,0x00000006d5480000)
 Metaspace       used 11215K, capacity 11396K, committed 11648K, reserved 1058816K
  class space    used 1313K, capacity 1389K, committed 1408K, reserved 1048576K
}
Event: 7.049 GC heap before
{Heap before GC invocations=10 (full 3):
 PSYoungGen      total 142336K, used 131080K [0x000000076b180000, 0x0000000775300000, 0x00000007c0000000)
  eden space 136192K, 96% used [0x000000076b180000,0x0000000773182130,0x0000000773680000)
  from space 6144K, 0% used [0x0000000773c80000,0x0000000773c80000,0x0000000774280000)
  to   space 6144K, 0% used [0x0000000773680000,0x0000000773680000,0x0000000773c80000)
 ParOldGen       total 328192K, used 38749K [0x00000006c1400000, 0x00000006d5480000, 0x000000076b180000)
  object space 328192K, 11% used [0x00000006c1400000,0x00000006c39d76d0,0x00000006d5480000)
 Metaspace       used 11670K, capacity 11880K, committed 12032K, reserved 1060864K
  class space    used 1341K, capacity 1421K, committed 1536K, reserved 1048576K
Event: 7.052 GC heap after
Heap after GC invocations=10 (full 3):
 PSYoungGen      total 142336K, used 3575K [0x000000076b180000, 0x0000000777780000, 0x00000007c0000000)
  eden space 136192K, 0% used [0x000000076b180000,0x000000076b180000,0x0000000773680000)
  from space 6144K, 58% used [0x0000000773680000,0x00000007739fdeb0,0x0000000773c80000)
  to   space 6144K, 0% used [0x0000000777180000,0x0000000777180000,0x0000000777780000)
 ParOldGen       total 328192K, used 73914K [0x00000006c1400000, 0x00000006d5480000, 0x000000076b180000)
  object space 328192K, 22% used [0x00000006c1400000,0x00000006c5c2e800,0x00000006d5480000)
 Metaspace       used 11670K, capacity 11880K, committed 12032K, reserved 1060864K
  class space    used 1341K, capacity 1421K, committed 1536K, reserved 1048576K
}
Event: 8.249 GC heap before
{Heap before GC invocations=11 (full 3):
 PSYoungGen      total 142336K, used 130630K [0x000000076b180000, 0x0000000777780000, 0x00000007c0000000)
  eden space 136192K, 93% used [0x000000076b180000,0x0000000772d93b20,0x0000000773680000)
  from space 6144K, 58% used [0x0000000773680000,0x00000007739fdeb0,0x0000000773c80000)
  to   space 6144K, 0% used [0x0000000777180000,0x0000000777180000,0x0000000777780000)
 ParOldGen       total 328192K, used 73914K [0x00000006c1400000, 0x00000006d5480000, 0x000000076b180000)
  object space 328192K, 22% used [0x00000006c1400000,0x00000006c5c2e800,0x00000006d5480000)
 Metaspace       used 11675K, capacity 11880K, committed 12032K, reserved 1060864K
  class space    used 1341K, capacity 1421K, committed 1536K, reserved 1048576K
Event: 8.253 GC heap after
Heap after GC invocations=11 (full 3):
 PSYoungGen      total 187904K, used 3543K [0x000000076b180000, 0x0000000777500000, 0x00000007c0000000)
  eden space 184320K, 0% used [0x000000076b180000,0x000000076b180000,0x0000000776580000)
  from space 3584K, 98% used [0x0000000777180000,0x00000007774f5eb0,0x0000000777500000)
  to   space 5632K, 0% used [0x0000000776a00000,0x0000000776a00000,0x0000000776f80000)
 ParOldGen       total 328192K, used 109078K [0x00000006c1400000, 0x00000006d5480000, 0x000000076b180000)
  object space 328192K, 33% used [0x00000006c1400000,0x00000006c7e85930,0x00000006d5480000)
 Metaspace       used 11675K, capacity 11880K, committed 12032K, reserved 1060864K
  class space    used 1341K, capacity 1421K, committed 1536K, reserved 1048576K
}

