# JRE version: OpenJDK Runtime Environment (8.0_275-b01) (build 1.8.0_275-b01)
# Java VM: OpenJDK 64-Bit Server VM (25.275-b01 mixed mode windows-amd64 compressed oops)
Heap:
 PSYoungGen      total 51200K, used 41873K [0x000000076b180000, 0x000000076f100000, 0x00000007c0000000)
  eden space 47616K, 81% used [0x000000076b180000,0x000000076d7586c8,0x000000076e000000)
  from space 3584K, 87% used [0x000000076e080000,0x000000076e38bec0,0x000000076e400000)
  to   space 8704K, 0% used [0x000000076e880000,0x000000076e880000,0x000000076f100000)
 ParOldGen       total 175104K, used 5196K [0x00000006c1400000, 0x00000006cbf00000, 0x000000076b180000)
  object space 175104K, 2% used [0x00000006c1400000,0x00000006c19133d8,0x00000006cbf00000)
 Metaspace       used 12016K, capacity 12200K, committed 12544K, reserved 1060864K
  class space    used 1344K, capacity 1421K, committed 1536K, reserved 1048576K
GC Heap History (10 events):
Event: 54.012 GC heap before
{Heap before GC invocations=17 (full 0):
 PSYoungGen      total 59904K, used 54530K [0x000000076b180000, 0x000000076f680000, 0x00000007c0000000)
  eden space 52224K, 98% used [0x000000076b180000,0x000000076e3c5a60,0x000000076e480000)
  from space 7680K, 39% used [0x000000076ef00000,0x000000076f1faeb0,0x000000076f680000)
  to   space 9216K, 0% used [0x000000076e480000,0x000000076e480000,0x000000076ed80000)
 ParOldGen       total 175104K, used 5076K [0x00000006c1400000, 0x00000006cbf00000, 0x000000076b180000)
  object space 175104K, 2% used [0x00000006c1400000,0x00000006c18f53d8,0x00000006cbf00000)
 Metaspace       used 11968K, capacity 12136K, committed 12288K, reserved 1060864K
  class space    used 1342K, capacity 1421K, committed 1536K, reserved 1048576K
Event: 54.014 GC heap after
Heap after GC invocations=17 (full 0):
 PSYoungGen      total 54272K, used 2890K [0x000000076b180000, 0x000000076f580000, 0x00000007c0000000)
  eden space 51200K, 0% used [0x000000076b180000,0x000000076b180000,0x000000076e380000)
  from space 3072K, 94% used [0x000000076e480000,0x000000076e752b08,0x000000076e780000)
  to   space 9216K, 0% used [0x000000076ec80000,0x000000076ec80000,0x000000076f580000)
 ParOldGen       total 175104K, used 5092K [0x00000006c1400000, 0x00000006cbf00000, 0x000000076b180000)
  object space 175104K, 2% used [0x00000006c1400000,0x00000006c18f93d8,0x00000006cbf00000)
 Metaspace       used 11968K, capacity 12136K, committed 12288K, reserved 1060864K
  class space    used 1342K, capacity 1421K, committed 1536K, reserved 1048576K
}
Event: 56.717 GC heap before
{Heap before GC invocations=18 (full 0):
 PSYoungGen      total 54272K, used 54090K [0x000000076b180000, 0x000000076f580000, 0x00000007c0000000)
  eden space 51200K, 100% used [0x000000076b180000,0x000000076e380000,0x000000076e380000)
  from space 3072K, 94% used [0x000000076e480000,0x000000076e752b08,0x000000076e780000)
  to   space 9216K, 0% used [0x000000076ec80000,0x000000076ec80000,0x000000076f580000)
 ParOldGen       total 175104K, used 5092K [0x00000006c1400000, 0x00000006cbf00000, 0x000000076b180000)
  object space 175104K, 2% used [0x00000006c1400000,0x00000006c18f93d8,0x00000006cbf00000)
 Metaspace       used 11968K, capacity 12136K, committed 12288K, reserved 1060864K
  class space    used 1342K, capacity 1421K, committed 1536K, reserved 1048576K
Event: 56.717 GC heap after
Heap after GC invocations=18 (full 0):
 PSYoungGen      total 58368K, used 2954K [0x000000076b180000, 0x000000076f480000, 0x00000007c0000000)
  eden space 50176K, 0% used [0x000000076b180000,0x000000076b180000,0x000000076e280000)
  from space 8192K, 36% used [0x000000076ec80000,0x000000076ef628e0,0x000000076f480000)
  to   space 9216K, 0% used [0x000000076e280000,0x000000076e280000,0x000000076eb80000)
 ParOldGen       total 175104K, used 5116K [0x00000006c1400000, 0x00000006cbf00000, 0x000000076b180000)
  object space 175104K, 2% used [0x00000006c1400000,0x00000006c18ff3d8,0x00000006cbf00000)
 Metaspace       used 11968K, capacity 12136K, committed 12288K, reserved 1060864K
  class space    used 1342K, capacity 1421K, committed 1536K, reserved 1048576K
}
Event: 59.324 GC heap before
{Heap before GC invocations=19 (full 0):
 PSYoungGen      total 58368K, used 52274K [0x000000076b180000, 0x000000076f480000, 0x00000007c0000000)
  eden space 50176K, 98% used [0x000000076b180000,0x000000076e1aa2c8,0x000000076e280000)
  from space 8192K, 36% used [0x000000076ec80000,0x000000076ef628e0,0x000000076f480000)
  to   space 9216K, 0% used [0x000000076e280000,0x000000076e280000,0x000000076eb80000)
 ParOldGen       total 175104K, used 5116K [0x00000006c1400000, 0x00000006cbf00000, 0x000000076b180000)
  object space 175104K, 2% used [0x00000006c1400000,0x00000006c18ff3d8,0x00000006cbf00000)
 Metaspace       used 11968K, capacity 12136K, committed 12288K, reserved 1060864K
  class space    used 1342K, capacity 1421K, committed 1536K, reserved 1048576K
Event: 59.326 GC heap after
Heap after GC invocations=19 (full 0):
 PSYoungGen      total 52224K, used 2986K [0x000000076b180000, 0x000000076f280000, 0x00000007c0000000)
  eden space 49152K, 0% used [0x000000076b180000,0x000000076b180000,0x000000076e180000)
  from space 3072K, 97% used [0x000000076e280000,0x000000076e56a870,0x000000076e580000)
  to   space 8704K, 0% used [0x000000076ea00000,0x000000076ea00000,0x000000076f280000)
 ParOldGen       total 175104K, used 5148K [0x00000006c1400000, 0x00000006cbf00000, 0x000000076b180000)
  object space 175104K, 2% used [0x00000006c1400000,0x00000006c19073d8,0x00000006cbf00000)
 Metaspace       used 11968K, capacity 12136K, committed 12288K, reserved 1060864K
  class space    used 1342K, capacity 1421K, committed 1536K, reserved 1048576K
}
Event: 61.845 GC heap before
{Heap before GC invocations=20 (full 0):
 PSYoungGen      total 52224K, used 52138K [0x000000076b180000, 0x000000076f280000, 0x00000007c0000000)
  eden space 49152K, 100% used [0x000000076b180000,0x000000076e180000,0x000000076e180000)
  from space 3072K, 97% used [0x000000076e280000,0x000000076e56a870,0x000000076e580000)
  to   space 8704K, 0% used [0x000000076ea00000,0x000000076ea00000,0x000000076f280000)
 ParOldGen       total 175104K, used 5148K [0x00000006c1400000, 0x00000006cbf00000, 0x000000076b180000)
  object space 175104K, 2% used [0x00000006c1400000,0x00000006c19073d8,0x00000006cbf00000)
 Metaspace       used 11971K, capacity 12136K, committed 12288K, reserved 1060864K
  class space    used 1342K, capacity 1421K, committed 1536K, reserved 1048576K
Event: 61.846 GC heap after
Heap after GC invocations=20 (full 0):
 PSYoungGen      total 56832K, used 5686K [0x000000076b180000, 0x000000076f280000, 0x00000007c0000000)
  eden space 48128K, 0% used [0x000000076b180000,0x000000076b180000,0x000000076e080000)
  from space 8704K, 65% used [0x000000076ea00000,0x000000076ef8db30,0x000000076f280000)
  to   space 9216K, 0% used [0x000000076e080000,0x000000076e080000,0x000000076e980000)
 ParOldGen       total 175104K, used 5164K [0x00000006c1400000, 0x00000006cbf00000, 0x000000076b180000)
  object space 175104K, 2% used [0x00000006c1400000,0x00000006c190b3d8,0x00000006cbf00000)
 Metaspace       used 11971K, capacity 12136K, committed 12288K, reserved 1060864K
  class space    used 1342K, capacity 1421K, committed 1536K, reserved 1048576K
}
Event: 64.431 GC heap before
{Heap before GC invocations=21 (full 0):
 PSYoungGen      total 56832K, used 53805K [0x000000076b180000, 0x000000076f280000, 0x00000007c0000000)
  eden space 48128K, 99% used [0x000000076b180000,0x000000076e07db30,0x000000076e080000)
  from space 8704K, 65% used [0x000000076ea00000,0x000000076ef8db30,0x000000076f280000)
  to   space 9216K, 0% used [0x000000076e080000,0x000000076e080000,0x000000076e980000)
 ParOldGen       total 175104K, used 5164K [0x00000006c1400000, 0x00000006cbf00000, 0x000000076b180000)
  object space 175104K, 2% used [0x00000006c1400000,0x00000006c190b3d8,0x00000006cbf00000)
 Metaspace       used 11989K, capacity 12200K, committed 12544K, reserved 1060864K
  class space    used 1342K, capacity 1421K, committed 1536K, reserved 1048576K
Event: 64.432 GC heap after
Heap after GC invocations=21 (full 0):
 PSYoungGen      total 51200K, used 3119K [0x000000076b180000, 0x000000076f100000, 0x00000007c0000000)
  eden space 47616K, 0% used [0x000000076b180000,0x000000076b180000,0x000000076e000000)
  from space 3584K, 87% used [0x000000076e080000,0x000000076e38bec0,0x000000076e400000)
  to   space 8704K, 0% used [0x000000076e880000,0x000000076e880000,0x000000076f100000)
 ParOldGen       total 175104K, used 5196K [0x00000006c1400000, 0x00000006cbf00000, 0x000000076b180000)
  object space 175104K, 2% used [0x00000006c1400000,0x00000006c19133d8,0x00000006cbf00000)
 Metaspace       used 11989K, capacity 12200K, committed 12544K, reserved 1060864K
  class space    used 1342K, capacity 1421K, committed 1536K, reserved 1048576K
}

